
--- Job ExChevyFunction.gms Start 10/05/20 11:10:29 32.2.0 rc62c018 WEX-WEI x86 64bit/MS Windows
--- Applying:
    C:\GAMS\32\gmsprmNT.txt
--- GAMS Parameters defined
    Input "C:\Users\joshu\OneDrive - aggiemail.usu.edu\CourseWork\Fall 2020\CEE 5410 Water Systems Analysis\GitHub Respository\JTW_CEE5410_Repo\Class Examples\CEE-6410-Rosenberg\Lectures\ExChevyFunction.gms"
    PageWidth 80
    PageSize 0
    PageContr 3
    Action CE
    ScrDir "C:\Users\joshu\OneDrive - aggiemail.usu.edu\CourseWork\Fall 2020\CEE 5410 Water Systems Analysis\GitHub Respository\JTW_CEE5410_Repo\Output\225a\"
    SysDir C:\GAMS\32\
    WorkDir "C:\Users\joshu\OneDrive - aggiemail.usu.edu\CourseWork\Fall 2020\CEE 5410 Water Systems Analysis\GitHub Respository\JTW_CEE5410_Repo\Output\"
    LogOption 3
    DFormat 0
    TFormat 0
    ErrorLog 99
    IDE 1
GAMS 32.2.0   Copyright (C) 1987-2020 GAMS Development. All rights reserved
Licensee: Small MUD - 5 User License                     G200622/0001AP-GEN
          Utah State University, Utah Water Research Laboratory      DC7087
          C:\GAMS\32\gamslice.txt
--- Starting compilation
--- ExChevyFunction.gms(62) 3 Mb
--- Starting execution: elapsed 0:00:00.034
--- ExChevyFunction.gms(57) 4 Mb
--- Generating NLP model ChevyModel
--- ExChevyFunction.gms(60) 6 Mb
---   1 rows  3 columns  3 non-zeroes
---   48 nl-code  2 nl-non-zeroes
--- ExChevyFunction.gms(60) 4 Mb
--- Executing CONOPT (Solvelink=2): elapsed 0:00:00.109
CONOPT 3         32.2.0 rc62c018 Released Aug 26, 2020 WEI x86 64bit/MS Window
 
 
    C O N O P T 3   version 3.17L
    Copyright (C)   ARKI Consulting and Development A/S
                    Bagsvaerdvej 246 A
                    DK-2880 Bagsvaerd, Denmark
 
 
   Iter Phase Ninf   Infeasibility   RGmax    NSB   Step InItr MX OK
      0   0        7.9669556269E-02 (Input point)
 
                   Pre-triangular equations:   0
                   Post-triangular equations:  1
 
      1   0        0.0000000000E+00 (After pre-processing)
      2   0        0.0000000000E+00 (After scaling)
 
 ** Feasible solution. Value of objective =   7.966955626928E-02
 
   Iter Phase Ninf     Objective     RGmax    NSB   Step InItr MX OK
     10   4        8.1061434261E+00 1.1E-09     2
 
 ** Optimal solution. Reduced gradient less than tolerance.
 
--- Reading solution for model ChevyModel
--- Executing after solve: elapsed 0:00:00.205
--- ExChevyFunction.gms(62) 4 Mb
*** Status: Normal completion
--- Job ExChevyFunction.gms Stop 10/05/20 11:10:29 elapsed 0:00:00.234
